zbar-sample/build/intermediates/manifest_merge_blame_file/debug/manifest-merger-blame-debug-report.txt
1<?xml version="1.0" encoding="utf-8"?>
2<manifest xmlns:android="http://schemas.android.com/apk/res/android"
3    package="me.dm7.barcodescanner.zbar.sample"
4    android:versionCode="1913"
5    android:versionName="1.9.13" >
6
7    <uses-sdk
8        android:minSdkVersion="14"
8-->src\main\AndroidManifest.xml
9        android:targetSdkVersion="28" />
9-->src\main\AndroidManifest.xml
10
11    <uses-permission android:name="android.permission.CAMERA" />
11-->src\main\AndroidManifest.xml:4:3-63
11-->src\main\AndroidManifest.xml:4:20-60
12
13    <application
13-->src\main\AndroidManifest.xml:6:3-43:19
14        android:allowBackup="true"
14-->src\main\AndroidManifest.xml:6:16-42
15        android:appComponentFactory="android.support.v4.app.CoreComponentFactory"
15-->[com.android.support:support-compat:28.0.0] AndroidManifest.xml:22:18-91
16        android:debuggable="true"
17        android:icon="@drawable/ic_launcher"
17-->src\main\AndroidManifest.xml:8:9-45
18        android:label="@string/app_name" >
18-->src\main\AndroidManifest.xml:7:9-41
19        <activity
19-->src\main\AndroidManifest.xml:9:9-16:20
20            android:name="me.dm7.barcodescanner.zbar.sample.MainActivity"
20-->src\main\AndroidManifest.xml:9:19-47
21            android:label="@string/app_name"
21-->src\main\AndroidManifest.xml:11:19-51
22            android:theme="@style/AppTheme" >
22-->src\main\AndroidManifest.xml:10:19-50
23            <intent-filter>
23-->src\main\AndroidManifest.xml:12:13-15:29
24                <action android:name="android.intent.action.MAIN" />
24-->src\main\AndroidManifest.xml:13:17-69
24-->src\main\AndroidManifest.xml:13:25-66
25
26                <category android:name="android.intent.category.LAUNCHER" />
26-->src\main\AndroidManifest.xml:14:17-77
26-->src\main\AndroidManifest.xml:14:27-74
27            </intent-filter>
28        </activity>
29        <activity
29-->src\main\AndroidManifest.xml:18:9-24:20
30            android:name="me.dm7.barcodescanner.zbar.sample.FullScannerActivity"
30-->src\main\AndroidManifest.xml:18:19-54
31            android:label="@string/scanner_activity"
31-->src\main\AndroidManifest.xml:21:19-59
32            android:theme="@style/AppOverlayTheme"
32-->src\main\AndroidManifest.xml:19:19-57
33            android:uiOptions="splitActionBarWhenNarrow" >
33-->src\main\AndroidManifest.xml:20:19-63
34            <meta-data
34-->src\main\AndroidManifest.xml:22:13-23:67
35                android:name="android.support.UI_OPTIONS"
35-->src\main\AndroidManifest.xml:22:24-65
36                android:value="splitActionBarWhenNarrow" />
36-->src\main\AndroidManifest.xml:23:24-64
37        </activity>
38        <activity
38-->src\main\AndroidManifest.xml:26:9-32:20
39            android:name="me.dm7.barcodescanner.zbar.sample.FullScannerFragmentActivity"
39-->src\main\AndroidManifest.xml:26:19-62
40            android:label="@string/scanner_fragment_activity"
40-->src\main\AndroidManifest.xml:29:19-68
41            android:theme="@style/AppOverlayTheme"
41-->src\main\AndroidManifest.xml:27:19-57
42            android:uiOptions="splitActionBarWhenNarrow" >
42-->src\main\AndroidManifest.xml:28:19-63
43            <meta-data
43-->src\main\AndroidManifest.xml:22:13-23:67
44                android:name="android.support.UI_OPTIONS"
44-->src\main\AndroidManifest.xml:22:24-65
45                android:value="splitActionBarWhenNarrow" />
45-->src\main\AndroidManifest.xml:23:24-64
46        </activity>
47        <activity
47-->src\main\AndroidManifest.xml:34:9-37:20
48            android:name="me.dm7.barcodescanner.zbar.sample.SimpleScannerActivity"
48-->src\main\AndroidManifest.xml:34:19-56
49            android:label="@string/simple_scanner_activity"
49-->src\main\AndroidManifest.xml:36:17-64
50            android:theme="@style/AppOverlayTheme" >
50-->src\main\AndroidManifest.xml:35:17-55
51        </activity>
52        <activity
52-->src\main\AndroidManifest.xml:39:9-42:20
53            android:name="me.dm7.barcodescanner.zbar.sample.SimpleScannerFragmentActivity"
53-->src\main\AndroidManifest.xml:39:19-64
54            android:label="@string/simple_scanner_fragment_activity"
54-->src\main\AndroidManifest.xml:41:17-73
55            android:theme="@style/AppOverlayTheme" >
55-->src\main\AndroidManifest.xml:40:17-55
56        </activity>
57    </application>
58
59</manifest>